# JRE version: Java(TM) SE Runtime Environment (8.0_201-b09) (build 1.8.0_201-b09)
# Java VM: Java HotSpot(TM) 64-Bit Server VM (25.201-b09 mixed mode windows-amd64 compressed oops)
Heap:
 PSYoungGen      total 185344K, used 73862K [0x00000000e0000000, 0x00000000f0e80000, 0x0000000100000000)
  eden space 139776K, 49% used [0x00000000e0000000,0x00000000e4350060,0x00000000e8880000)
  from space 45568K, 10% used [0x00000000ec000000,0x00000000ec4d1a30,0x00000000eec80000)
  to   space 56832K, 0% used [0x00000000e8880000,0x00000000e8880000,0x00000000ec000000)
 ParOldGen       total 292352K, used 58226K [0x00000000a0000000, 0x00000000b1d80000, 0x00000000e0000000)
  object space 292352K, 19% used [0x00000000a0000000,0x00000000a38dcbc0,0x00000000b1d80000)
 Metaspace       used 97237K, capacity 100962K, committed 102272K, reserved 1138688K
  class space    used 12715K, capacity 13479K, committed 13696K, reserved 1048576K
GC Heap History (10 events):
Event: 8359.622 GC heap before
{Heap before GC invocations=18 (full 3):
 PSYoungGen      total 145920K, used 145906K [0x00000000e0000000, 0x00000000ebe80000, 0x0000000100000000)
  eden space 129024K, 100% used [0x00000000e0000000,0x00000000e7e00000,0x00000000e7e00000)
  from space 16896K, 99% used [0x00000000e9e00000,0x00000000eae7c968,0x00000000eae80000)
  to   space 32768K, 0% used [0x00000000e7e00000,0x00000000e7e00000,0x00000000e9e00000)
 ParOldGen       total 292352K, used 55683K [0x00000000a0000000, 0x00000000b1d80000, 0x00000000e0000000)
  object space 292352K, 19% used [0x00000000a0000000,0x00000000a3660f60,0x00000000b1d80000)
 Metaspace       used 84639K, capacity 87680K, committed 87936K, reserved 1126400K
  class space    used 11174K, capacity 11834K, committed 11904K, reserved 1048576K
Event: 8359.675 GC heap after
Heap after GC invocations=18 (full 3):
 PSYoungGen      total 161792K, used 32743K [0x00000000e0000000, 0x00000000eec80000, 0x0000000100000000)
  eden space 129024K, 0% used [0x00000000e0000000,0x00000000e0000000,0x00000000e7e00000)
  from space 32768K, 99% used [0x00000000e7e00000,0x00000000e9df9e90,0x00000000e9e00000)
  to   space 45568K, 0% used [0x00000000ec000000,0x00000000ec000000,0x00000000eec80000)
 ParOldGen       total 292352K, used 78392K [0x00000000a0000000, 0x00000000b1d80000, 0x00000000e0000000)
  object space 292352K, 26% used [0x00000000a0000000,0x00000000a4c8e210,0x00000000b1d80000)
 Metaspace       used 84639K, capacity 87680K, committed 87936K, reserved 1126400K
  class space    used 11174K, capacity 11834K, committed 11904K, reserved 1048576K
}
Event: 8363.717 GC heap before
{Heap before GC invocations=19 (full 3):
 PSYoungGen      total 161792K, used 161767K [0x00000000e0000000, 0x00000000eec80000, 0x0000000100000000)
  eden space 129024K, 100% used [0x00000000e0000000,0x00000000e7e00000,0x00000000e7e00000)
  from space 32768K, 99% used [0x00000000e7e00000,0x00000000e9df9e90,0x00000000e9e00000)
  to   space 45568K, 0% used [0x00000000ec000000,0x00000000ec000000,0x00000000eec80000)
 ParOldGen       total 292352K, used 78392K [0x00000000a0000000, 0x00000000b1d80000, 0x00000000e0000000)
  object space 292352K, 26% used [0x00000000a0000000,0x00000000a4c8e210,0x00000000b1d80000)
 Metaspace       used 87653K, capacity 90920K, committed 91136K, reserved 1128448K
  class space    used 11506K, capacity 12240K, committed 12288K, reserved 1048576K
Event: 8363.755 GC heap after
Heap after GC invocations=19 (full 3):
 PSYoungGen      total 192000K, used 38685K [0x00000000e0000000, 0x00000000ef380000, 0x0000000100000000)
  eden space 146432K, 0% used [0x00000000e0000000,0x00000000e0000000,0x00000000e8f00000)
  from space 45568K, 84% used [0x00000000ec000000,0x00000000ee5c7568,0x00000000eec80000)
  to   space 50176K, 0% used [0x00000000e8f00000,0x00000000e8f00000,0x00000000ec000000)
 ParOldGen       total 292352K, used 81216K [0x00000000a0000000, 0x00000000b1d80000, 0x00000000e0000000)
  object space 292352K, 27% used [0x00000000a0000000,0x00000000a4f50250,0x00000000b1d80000)
 Metaspace       used 87653K, capacity 90920K, committed 91136K, reserved 1128448K
  class space    used 11506K, capacity 12240K, committed 12288K, reserved 1048576K
}
Event: 8365.396 GC heap before
{Heap before GC invocations=20 (full 3):
 PSYoungGen      total 192000K, used 127517K [0x00000000e0000000, 0x00000000ef380000, 0x0000000100000000)
  eden space 146432K, 60% used [0x00000000e0000000,0x00000000e56c0278,0x00000000e8f00000)
  from space 45568K, 84% used [0x00000000ec000000,0x00000000ee5c7568,0x00000000eec80000)
  to   space 50176K, 0% used [0x00000000e8f00000,0x00000000e8f00000,0x00000000ec000000)
 ParOldGen       total 292352K, used 81216K [0x00000000a0000000, 0x00000000b1d80000, 0x00000000e0000000)
  object space 292352K, 27% used [0x00000000a0000000,0x00000000a4f50250,0x00000000b1d80000)
 Metaspace       used 94176K, capacity 98370K, committed 98560K, reserved 1134592K
  class space    used 12455K, capacity 13312K, committed 13312K, reserved 1048576K
Event: 8365.435 GC heap after
Heap after GC invocations=20 (full 3):
 PSYoungGen      total 196608K, used 46917K [0x00000000e0000000, 0x00000000ef380000, 0x0000000100000000)
  eden space 146432K, 0% used [0x00000000e0000000,0x00000000e0000000,0x00000000e8f00000)
  from space 50176K, 93% used [0x00000000e8f00000,0x00000000ebcd1408,0x00000000ec000000)
  to   space 45568K, 0% used [0x00000000ec000000,0x00000000ec000000,0x00000000eec80000)
 ParOldGen       total 292352K, used 81224K [0x00000000a0000000, 0x00000000b1d80000, 0x00000000e0000000)
  object space 292352K, 27% used [0x00000000a0000000,0x00000000a4f52250,0x00000000b1d80000)
 Metaspace       used 94176K, capacity 98370K, committed 98560K, reserved 1134592K
  class space    used 12455K, capacity 13312K, committed 13312K, reserved 1048576K
}
Event: 8365.435 GC heap before
{Heap before GC invocations=21 (full 4):
 PSYoungGen      total 196608K, used 46917K [0x00000000e0000000, 0x00000000ef380000, 0x0000000100000000)
  eden space 146432K, 0% used [0x00000000e0000000,0x00000000e0000000,0x00000000e8f00000)
  from space 50176K, 93% used [0x00000000e8f00000,0x00000000ebcd1408,0x00000000ec000000)
  to   space 45568K, 0% used [0x00000000ec000000,0x00000000ec000000,0x00000000eec80000)
 ParOldGen       total 292352K, used 81224K [0x00000000a0000000, 0x00000000b1d80000, 0x00000000e0000000)
  object space 292352K, 27% used [0x00000000a0000000,0x00000000a4f52250,0x00000000b1d80000)
 Metaspace       used 94176K, capacity 98370K, committed 98560K, reserved 1134592K
  class space    used 12455K, capacity 13312K, committed 13312K, reserved 1048576K
Event: 8365.689 GC heap after
Heap after GC invocations=21 (full 4):
 PSYoungGen      total 196608K, used 0K [0x00000000e0000000, 0x00000000ef380000, 0x0000000100000000)
  eden space 146432K, 0% used [0x00000000e0000000,0x00000000e0000000,0x00000000e8f00000)
  from space 50176K, 0% used [0x00000000e8f00000,0x00000000e8f00000,0x00000000ec000000)
  to   space 45568K, 0% used [0x00000000ec000000,0x00000000ec000000,0x00000000eec80000)
 ParOldGen       total 292352K, used 58218K [0x00000000a0000000, 0x00000000b1d80000, 0x00000000e0000000)
  object space 292352K, 19% used [0x00000000a0000000,0x00000000a38dabc0,0x00000000b1d80000)
 Metaspace       used 92279K, capacity 95160K, committed 98560K, reserved 1134592K
  class space    used 12081K, capacity 12708K, committed 13312K, reserved 1048576K
}
Event: 8367.582 GC heap before
{Heap before GC invocations=22 (full 4):
 PSYoungGen      total 196608K, used 146411K [0x00000000e0000000, 0x00000000ef380000, 0x0000000100000000)
  eden space 146432K, 99% used [0x00000000e0000000,0x00000000e8efad08,0x00000000e8f00000)
  from space 50176K, 0% used [0x00000000e8f00000,0x00000000e8f00000,0x00000000ec000000)
  to   space 45568K, 0% used [0x00000000ec000000,0x00000000ec000000,0x00000000eec80000)
 ParOldGen       total 292352K, used 58218K [0x00000000a0000000, 0x00000000b1d80000, 0x00000000e0000000)
  object space 292352K, 19% used [0x00000000a0000000,0x00000000a38dabc0,0x00000000b1d80000)
 Metaspace       used 96919K, capacity 100652K, committed 102016K, reserved 1138688K
  class space    used 12680K, capacity 13428K, committed 13696K, reserved 1048576K
Event: 8367.588 GC heap after
Heap after GC invocations=22 (full 4):
 PSYoungGen      total 185344K, used 4934K [0x00000000e0000000, 0x00000000f0e80000, 0x0000000100000000)
  eden space 139776K, 0% used [0x00000000e0000000,0x00000000e0000000,0x00000000e8880000)
  from space 45568K, 10% used [0x00000000ec000000,0x00000000ec4d1a30,0x00000000eec80000)
  to   space 56832K, 0% used [0x00000000e8880000,0x00000000e8880000,0x00000000ec000000)
 ParOldGen       total 292352K, used 58226K [0x00000000a0000000, 0x00000000b1d80000, 0x00000000e0000000)
  object space 292352K, 19% used [0x00000000a0000000,0x00000000a38dcbc0,0x00000000b1d80000)
 Metaspace       used 96919K, capacity 100652K, committed 102016K, reserved 1138688K
  class space    used 12680K, capacity 13428K, committed 13696K, reserved 1048576K
}

